Fri Jun 12 2020 18:44:31 GMT+0200 (Central European Summer Time): Node server started on 8888 ...
PREFIX rdfs: <http://www.w3.org/2000/01/rdf-schema#>
PREFIX ifn: <http://crossforest.eu/ifn/ontology/>
SELECT DISTINCT ?sup ?sub 
 WHERE { 
   ?sup rdfs:subClassOf* ifn:Class2 . 
   ?sub rdfs:subClassOf ?sup . 
 }
PREFIX rdfs: <http://www.w3.org/2000/01/rdf-schema#>
PREFIX ifn: <http://crossforest.eu/ifn/ontology/>
SELECT DISTINCT ?sup ?sub 
 WHERE { 
   ?sup rdfs:subClassOf* ifn:Class1 . 
   ?sub rdfs:subClassOf ?sup . 
 }
PREFIX ifn: <http://crossforest.eu/ifn/ontology/>
SELECT DISTINCT ?uri ?value 
             WHERE { 
             ?uri ifn:hasAcceptedName/ifn:name ?value . 
             FILTER (?uri IN ( ifn:Class2,ifn:Genus211,ifn:Species20,ifn:Species21,ifn:Species22,ifn:Species25,ifn:Species27,ifn:Species28,ifn:Species29,ifn:Species23,ifn:Species24,ifn:Species26,ifn:Genus212,ifn:Species17,ifn:Species217,ifn:Species317,ifn:Species917,ifn:Genus213,ifn:Species31,ifn:Species32,ifn:Genus214,ifn:Species235,ifn:Species335,ifn:Species35,ifn:Species435,ifn:Genus215,ifn:Species33,ifn:Genus216,ifn:Species34,ifn:Genus221,ifn:Species336,ifn:Species436,ifn:Species936,ifn:Species236,ifn:Species36,ifn:Genus222,ifn:Species238,ifn:Species239,ifn:Species337,ifn:Species37,ifn:Species39,ifn:Species937,ifn:Species237,ifn:Species38,ifn:Genus223,ifn:Species219,ifn:Genus224,ifn:Species319,ifn:Genus231,ifn:Species14,ifn:Family21,ifn:Family22,ifn:Genus228,ifn:Family23,ifn:Species19,ifn:Species30,ifn:Class1,ifn:Family40,ifn:Species80,ifn:Species89,ifn:Genus401,ifn:Genus402,ifn:Genus403,ifn:Genus404,ifn:Genus111,ifn:Species256,ifn:Species356,ifn:Species956,ifn:Species56,ifn:Genus121,ifn:Species243,ifn:Species244,ifn:Species40,ifn:Species41,ifn:Species42,ifn:Species43,ifn:Species47,ifn:Species48,ifn:Species49,ifn:Species46,ifn:Species44,ifn:Species45,ifn:Genus122,ifn:Species71,ifn:Genus123,ifn:Species72,ifn:Genus131,ifn:Species52,ifn:Species51,ifn:Species258,ifn:Species58,ifn:Genus132,ifn:Species357,ifn:Species457,ifn:Species557,ifn:Species657,ifn:Species757,ifn:Species857,ifn:Species858,ifn:Species957 )) }
PREFIX ifn: <http://crossforest.eu/ifn/ontology/>
SELECT DISTINCT ?uri ?value 
             WHERE { 
             ?uri ifn:hasAcceptedName/ifn:name ?value . 
             FILTER (?uri IN ( ifn:Species57,ifn:Species257,ifn:Genus141,ifn:Species207,ifn:Species307,ifn:Species7,ifn:Genus142,ifn:Species67,ifn:Genus143,ifn:Species392,ifn:Genus144,ifn:Species92,ifn:Genus145,ifn:Species292,ifn:Genus151,ifn:Species268,ifn:Species68,ifn:Genus152,ifn:Species283,ifn:Species83,ifn:Genus161,ifn:Species6,ifn:Genus162,ifn:Species264,ifn:Species364,ifn:Species60,ifn:Species61,ifn:Species62,ifn:Species63,ifn:Species64,ifn:Genus171,ifn:Species276,ifn:Species376,ifn:Species476,ifn:Species576,ifn:Species676,ifn:Species76,ifn:Species976,ifn:Genus181,ifn:Species293,ifn:Species93,ifn:Genus182,ifn:Species96,ifn:Genus191,ifn:Species273,ifn:Species373,ifn:Species73,ifn:Genus192,ifn:Species54,ifn:Genus193,ifn:Species98,ifn:Genus194,ifn:Species74,ifn:Genus311,ifn:Species297,ifn:Species997,ifn:Species97,ifn:Genus321,ifn:Species65,ifn:Species82,ifn:Species282,ifn:Genus331,ifn:Species369,ifn:Genus332,ifn:Species469,ifn:Species69,ifn:Genus341,ifn:Species569,ifn:Genus351,ifn:Species291,ifn:Species91,ifn:Genus361,ifn:Species13,ifn:Genus371,ifn:Species5,ifn:Genus381,ifn:Species9,ifn:Genus391,ifn:Species275,ifn:Species975,ifn:Species75,ifn:Species88,ifn:Species294,ifn:Species94,ifn:Species87,ifn:Species84,ifn:Genus411,ifn:Species277,ifn:Species377,ifn:Species77,ifn:Genus421,ifn:Species299,ifn:Genus422,ifn:Species399,ifn:Species499,ifn:Species599,ifn:Genus431,ifn:Species81,ifn:Genus441,ifn:Species255 )) }
PREFIX ifn: <http://crossforest.eu/ifn/ontology/>
SELECT DISTINCT ?uri ?value 
             WHERE { 
             ?uri ifn:hasAcceptedName/ifn:name ?value . 
             FILTER (?uri IN ( ifn:Species355,ifn:Species955,ifn:Species55,ifn:Genus442,ifn:Species66,ifn:Genus443,ifn:Species8,ifn:Genus444,ifn:Species86,ifn:Genus451,ifn:Species489,ifn:Genus461,ifn:Species279,ifn:Species79,ifn:Genus471,ifn:Species1,ifn:Genus472,ifn:Species289,ifn:Genus481,ifn:Species3,ifn:Genus482,ifn:Species389,ifn:Species4,ifn:Genus491,ifn:Species2,ifn:Genus492,ifn:Species15,ifn:Species215,ifn:Species315,ifn:Species415,ifn:Species515,ifn:Genus493,ifn:Species12,ifn:Genus494,ifn:Species295,ifn:Species395,ifn:Species495,ifn:Species595,ifn:Species95,ifn:Genus495,ifn:Species16,ifn:Genus496,ifn:Species278,ifn:Species378,ifn:Species478,ifn:Species578,ifn:Species678,ifn:Species778,ifn:Species78,ifn:Genus501,ifn:Species85,ifn:Genus511,ifn:Species11,ifn:Genus521,ifn:Species253,ifn:Species53,ifn:Family11,ifn:Family12,ifn:Family13,ifn:Family14,ifn:Family15,ifn:Family16,ifn:Family17,ifn:Family18,ifn:Family19,ifn:Family31,ifn:Family32,ifn:Family33,ifn:Family34,ifn:Family35,ifn:Family36,ifn:Family37,ifn:Family38,ifn:Family39,ifn:Family41,ifn:Family42,ifn:Family43,ifn:Family44,ifn:Family45,ifn:Family46,ifn:Family47,ifn:Family48,ifn:Family49,ifn:Family50,ifn:Family51,ifn:Family52,ifn:Species50,ifn:Species59,ifn:Species70,ifn:Species90,ifn:Species99 )) }
PREFIX ifn: <http://crossforest.eu/ifn/ontology/>
SELECT DISTINCT ?uri ?value 
             WHERE { 
             ?uri ifn:vulgarName ?value . 
             FILTER (?uri IN ( ifn:Class2,ifn:Genus211,ifn:Species20,ifn:Species21,ifn:Species22,ifn:Species25,ifn:Species27,ifn:Species28,ifn:Species29,ifn:Species23,ifn:Species24,ifn:Species26,ifn:Genus212,ifn:Species17,ifn:Species217,ifn:Species317,ifn:Species917,ifn:Genus213,ifn:Species31,ifn:Species32,ifn:Genus214,ifn:Species235,ifn:Species335,ifn:Species35,ifn:Species435,ifn:Genus215,ifn:Species33,ifn:Genus216,ifn:Species34,ifn:Genus221,ifn:Species336,ifn:Species436,ifn:Species936,ifn:Species236,ifn:Species36,ifn:Genus222,ifn:Species238,ifn:Species239,ifn:Species337,ifn:Species37,ifn:Species39,ifn:Species937,ifn:Species237,ifn:Species38,ifn:Genus223,ifn:Species219,ifn:Genus224,ifn:Species319,ifn:Genus231,ifn:Species14,ifn:Family21,ifn:Family22,ifn:Genus228,ifn:Family23,ifn:Species19,ifn:Species30,ifn:Class1,ifn:Family40,ifn:Species80,ifn:Species89,ifn:Genus401,ifn:Genus402,ifn:Genus403,ifn:Genus404,ifn:Genus111,ifn:Species256,ifn:Species356,ifn:Species956,ifn:Species56,ifn:Genus121,ifn:Species243,ifn:Species244,ifn:Species40,ifn:Species41,ifn:Species42,ifn:Species43,ifn:Species47,ifn:Species48,ifn:Species49,ifn:Species46,ifn:Species44,ifn:Species45,ifn:Genus122,ifn:Species71,ifn:Genus123,ifn:Species72,ifn:Genus131,ifn:Species52,ifn:Species51,ifn:Species258,ifn:Species58,ifn:Genus132,ifn:Species357,ifn:Species457,ifn:Species557,ifn:Species657,ifn:Species757,ifn:Species857,ifn:Species858,ifn:Species957 )) }
PREFIX ifn: <http://crossforest.eu/ifn/ontology/>
SELECT DISTINCT ?uri ?value 
             WHERE { 
             ?uri ifn:vulgarName ?value . 
             FILTER (?uri IN ( ifn:Species57,ifn:Species257,ifn:Genus141,ifn:Species207,ifn:Species307,ifn:Species7,ifn:Genus142,ifn:Species67,ifn:Genus143,ifn:Species392,ifn:Genus144,ifn:Species92,ifn:Genus145,ifn:Species292,ifn:Genus151,ifn:Species268,ifn:Species68,ifn:Genus152,ifn:Species283,ifn:Species83,ifn:Genus161,ifn:Species6,ifn:Genus162,ifn:Species264,ifn:Species364,ifn:Species60,ifn:Species61,ifn:Species62,ifn:Species63,ifn:Species64,ifn:Genus171,ifn:Species276,ifn:Species376,ifn:Species476,ifn:Species576,ifn:Species676,ifn:Species76,ifn:Species976,ifn:Genus181,ifn:Species293,ifn:Species93,ifn:Genus182,ifn:Species96,ifn:Genus191,ifn:Species273,ifn:Species373,ifn:Species73,ifn:Genus192,ifn:Species54,ifn:Genus193,ifn:Species98,ifn:Genus194,ifn:Species74,ifn:Genus311,ifn:Species297,ifn:Species997,ifn:Species97,ifn:Genus321,ifn:Species65,ifn:Species82,ifn:Species282,ifn:Genus331,ifn:Species369,ifn:Genus332,ifn:Species469,ifn:Species69,ifn:Genus341,ifn:Species569,ifn:Genus351,ifn:Species291,ifn:Species91,ifn:Genus361,ifn:Species13,ifn:Genus371,ifn:Species5,ifn:Genus381,ifn:Species9,ifn:Genus391,ifn:Species275,ifn:Species975,ifn:Species75,ifn:Species88,ifn:Species294,ifn:Species94,ifn:Species87,ifn:Species84,ifn:Genus411,ifn:Species277,ifn:Species377,ifn:Species77,ifn:Genus421,ifn:Species299,ifn:Genus422,ifn:Species399,ifn:Species499,ifn:Species599,ifn:Genus431,ifn:Species81,ifn:Genus441,ifn:Species255 )) }
PREFIX ifn: <http://crossforest.eu/ifn/ontology/>
SELECT DISTINCT ?uri ?value 
             WHERE { 
             ?uri ifn:vulgarName ?value . 
             FILTER (?uri IN ( ifn:Species355,ifn:Species955,ifn:Species55,ifn:Genus442,ifn:Species66,ifn:Genus443,ifn:Species8,ifn:Genus444,ifn:Species86,ifn:Genus451,ifn:Species489,ifn:Genus461,ifn:Species279,ifn:Species79,ifn:Genus471,ifn:Species1,ifn:Genus472,ifn:Species289,ifn:Genus481,ifn:Species3,ifn:Genus482,ifn:Species389,ifn:Species4,ifn:Genus491,ifn:Species2,ifn:Genus492,ifn:Species15,ifn:Species215,ifn:Species315,ifn:Species415,ifn:Species515,ifn:Genus493,ifn:Species12,ifn:Genus494,ifn:Species295,ifn:Species395,ifn:Species495,ifn:Species595,ifn:Species95,ifn:Genus495,ifn:Species16,ifn:Genus496,ifn:Species278,ifn:Species378,ifn:Species478,ifn:Species578,ifn:Species678,ifn:Species778,ifn:Species78,ifn:Genus501,ifn:Species85,ifn:Genus511,ifn:Species11,ifn:Genus521,ifn:Species253,ifn:Species53,ifn:Family11,ifn:Family12,ifn:Family13,ifn:Family14,ifn:Family15,ifn:Family16,ifn:Family17,ifn:Family18,ifn:Family19,ifn:Family31,ifn:Family32,ifn:Family33,ifn:Family34,ifn:Family35,ifn:Family36,ifn:Family37,ifn:Family38,ifn:Family39,ifn:Family41,ifn:Family42,ifn:Family43,ifn:Family44,ifn:Family45,ifn:Family46,ifn:Family47,ifn:Family48,ifn:Family49,ifn:Family50,ifn:Family51,ifn:Family52,ifn:Species50,ifn:Species59,ifn:Species70,ifn:Species90,ifn:Species99 )) }
PREFIX ifn: <http://crossforest.eu/ifn/ontology/>
SELECT DISTINCT ?uri ?value 
             WHERE { 
             ?uri ifn:hasWikipediaPage ?value . 
             FILTER (?uri IN ( ifn:Class2,ifn:Genus211,ifn:Species20,ifn:Species21,ifn:Species22,ifn:Species25,ifn:Species27,ifn:Species28,ifn:Species29,ifn:Species23,ifn:Species24,ifn:Species26,ifn:Genus212,ifn:Species17,ifn:Species217,ifn:Species317,ifn:Species917,ifn:Genus213,ifn:Species31,ifn:Species32,ifn:Genus214,ifn:Species235,ifn:Species335,ifn:Species35,ifn:Species435,ifn:Genus215,ifn:Species33,ifn:Genus216,ifn:Species34,ifn:Genus221,ifn:Species336,ifn:Species436,ifn:Species936,ifn:Species236,ifn:Species36,ifn:Genus222,ifn:Species238,ifn:Species239,ifn:Species337,ifn:Species37,ifn:Species39,ifn:Species937,ifn:Species237,ifn:Species38,ifn:Genus223,ifn:Species219,ifn:Genus224,ifn:Species319,ifn:Genus231,ifn:Species14,ifn:Family21,ifn:Family22,ifn:Genus228,ifn:Family23,ifn:Species19,ifn:Species30,ifn:Class1,ifn:Family40,ifn:Species80,ifn:Species89,ifn:Genus401,ifn:Genus402,ifn:Genus403,ifn:Genus404,ifn:Genus111,ifn:Species256,ifn:Species356,ifn:Species956,ifn:Species56,ifn:Genus121,ifn:Species243,ifn:Species244,ifn:Species40,ifn:Species41,ifn:Species42,ifn:Species43,ifn:Species47,ifn:Species48,ifn:Species49,ifn:Species46,ifn:Species44,ifn:Species45,ifn:Genus122,ifn:Species71,ifn:Genus123,ifn:Species72,ifn:Genus131,ifn:Species52,ifn:Species51,ifn:Species258,ifn:Species58,ifn:Genus132,ifn:Species357,ifn:Species457,ifn:Species557,ifn:Species657,ifn:Species757,ifn:Species857,ifn:Species858,ifn:Species957 )) }
PREFIX ifn: <http://crossforest.eu/ifn/ontology/>
SELECT DISTINCT ?uri ?value 
             WHERE { 
             ?uri ifn:hasWikipediaPage ?value . 
             FILTER (?uri IN ( ifn:Species57,ifn:Species257,ifn:Genus141,ifn:Species207,ifn:Species307,ifn:Species7,ifn:Genus142,ifn:Species67,ifn:Genus143,ifn:Species392,ifn:Genus144,ifn:Species92,ifn:Genus145,ifn:Species292,ifn:Genus151,ifn:Species268,ifn:Species68,ifn:Genus152,ifn:Species283,ifn:Species83,ifn:Genus161,ifn:Species6,ifn:Genus162,ifn:Species264,ifn:Species364,ifn:Species60,ifn:Species61,ifn:Species62,ifn:Species63,ifn:Species64,ifn:Genus171,ifn:Species276,ifn:Species376,ifn:Species476,ifn:Species576,ifn:Species676,ifn:Species76,ifn:Species976,ifn:Genus181,ifn:Species293,ifn:Species93,ifn:Genus182,ifn:Species96,ifn:Genus191,ifn:Species273,ifn:Species373,ifn:Species73,ifn:Genus192,ifn:Species54,ifn:Genus193,ifn:Species98,ifn:Genus194,ifn:Species74,ifn:Genus311,ifn:Species297,ifn:Species997,ifn:Species97,ifn:Genus321,ifn:Species65,ifn:Species82,ifn:Species282,ifn:Genus331,ifn:Species369,ifn:Genus332,ifn:Species469,ifn:Species69,ifn:Genus341,ifn:Species569,ifn:Genus351,ifn:Species291,ifn:Species91,ifn:Genus361,ifn:Species13,ifn:Genus371,ifn:Species5,ifn:Genus381,ifn:Species9,ifn:Genus391,ifn:Species275,ifn:Species975,ifn:Species75,ifn:Species88,ifn:Species294,ifn:Species94,ifn:Species87,ifn:Species84,ifn:Genus411,ifn:Species277,ifn:Species377,ifn:Species77,ifn:Genus421,ifn:Species299,ifn:Genus422,ifn:Species399,ifn:Species499,ifn:Species599,ifn:Genus431,ifn:Species81,ifn:Genus441,ifn:Species255 )) }
PREFIX ifn: <http://crossforest.eu/ifn/ontology/>
SELECT DISTINCT ?uri ?value 
             WHERE { 
             ?uri ifn:hasWikipediaPage ?value . 
             FILTER (?uri IN ( ifn:Species355,ifn:Species955,ifn:Species55,ifn:Genus442,ifn:Species66,ifn:Genus443,ifn:Species8,ifn:Genus444,ifn:Species86,ifn:Genus451,ifn:Species489,ifn:Genus461,ifn:Species279,ifn:Species79,ifn:Genus471,ifn:Species1,ifn:Genus472,ifn:Species289,ifn:Genus481,ifn:Species3,ifn:Genus482,ifn:Species389,ifn:Species4,ifn:Genus491,ifn:Species2,ifn:Genus492,ifn:Species15,ifn:Species215,ifn:Species315,ifn:Species415,ifn:Species515,ifn:Genus493,ifn:Species12,ifn:Genus494,ifn:Species295,ifn:Species395,ifn:Species495,ifn:Species595,ifn:Species95,ifn:Genus495,ifn:Species16,ifn:Genus496,ifn:Species278,ifn:Species378,ifn:Species478,ifn:Species578,ifn:Species678,ifn:Species778,ifn:Species78,ifn:Genus501,ifn:Species85,ifn:Genus511,ifn:Species11,ifn:Genus521,ifn:Species253,ifn:Species53,ifn:Family11,ifn:Family12,ifn:Family13,ifn:Family14,ifn:Family15,ifn:Family16,ifn:Family17,ifn:Family18,ifn:Family19,ifn:Family31,ifn:Family32,ifn:Family33,ifn:Family34,ifn:Family35,ifn:Family36,ifn:Family37,ifn:Family38,ifn:Family39,ifn:Family41,ifn:Family42,ifn:Family43,ifn:Family44,ifn:Family45,ifn:Family46,ifn:Family47,ifn:Family48,ifn:Family49,ifn:Family50,ifn:Family51,ifn:Family52,ifn:Species50,ifn:Species59,ifn:Species70,ifn:Species90,ifn:Species99 )) }
PREFIX ifn: <http://crossforest.eu/ifn/ontology/>
SELECT DISTINCT ?uri ?value 
             WHERE { 
             ?uri <http://schema.org/sameAs> ?value . 
             FILTER (?uri IN ( ifn:Class2,ifn:Genus211,ifn:Species20,ifn:Species21,ifn:Species22,ifn:Species25,ifn:Species27,ifn:Species28,ifn:Species29,ifn:Species23,ifn:Species24,ifn:Species26,ifn:Genus212,ifn:Species17,ifn:Species217,ifn:Species317,ifn:Species917,ifn:Genus213,ifn:Species31,ifn:Species32,ifn:Genus214,ifn:Species235,ifn:Species335,ifn:Species35,ifn:Species435,ifn:Genus215,ifn:Species33,ifn:Genus216,ifn:Species34,ifn:Genus221,ifn:Species336,ifn:Species436,ifn:Species936,ifn:Species236,ifn:Species36,ifn:Genus222,ifn:Species238,ifn:Species239,ifn:Species337,ifn:Species37,ifn:Species39,ifn:Species937,ifn:Species237,ifn:Species38,ifn:Genus223,ifn:Species219,ifn:Genus224,ifn:Species319,ifn:Genus231,ifn:Species14,ifn:Family21,ifn:Family22,ifn:Genus228,ifn:Family23,ifn:Species19,ifn:Species30,ifn:Class1,ifn:Family40,ifn:Species80,ifn:Species89,ifn:Genus401,ifn:Genus402,ifn:Genus403,ifn:Genus404,ifn:Genus111,ifn:Species256,ifn:Species356,ifn:Species956,ifn:Species56,ifn:Genus121,ifn:Species243,ifn:Species244,ifn:Species40,ifn:Species41,ifn:Species42,ifn:Species43,ifn:Species47,ifn:Species48,ifn:Species49,ifn:Species46,ifn:Species44,ifn:Species45,ifn:Genus122,ifn:Species71,ifn:Genus123,ifn:Species72,ifn:Genus131,ifn:Species52,ifn:Species51,ifn:Species258,ifn:Species58,ifn:Genus132,ifn:Species357,ifn:Species457,ifn:Species557,ifn:Species657,ifn:Species757,ifn:Species857,ifn:Species858,ifn:Species957 )) }
PREFIX ifn: <http://crossforest.eu/ifn/ontology/>
SELECT DISTINCT ?uri ?value 
             WHERE { 
             ?uri <http://schema.org/sameAs> ?value . 
             FILTER (?uri IN ( ifn:Species57,ifn:Species257,ifn:Genus141,ifn:Species207,ifn:Species307,ifn:Species7,ifn:Genus142,ifn:Species67,ifn:Genus143,ifn:Species392,ifn:Genus144,ifn:Species92,ifn:Genus145,ifn:Species292,ifn:Genus151,ifn:Species268,ifn:Species68,ifn:Genus152,ifn:Species283,ifn:Species83,ifn:Genus161,ifn:Species6,ifn:Genus162,ifn:Species264,ifn:Species364,ifn:Species60,ifn:Species61,ifn:Species62,ifn:Species63,ifn:Species64,ifn:Genus171,ifn:Species276,ifn:Species376,ifn:Species476,ifn:Species576,ifn:Species676,ifn:Species76,ifn:Species976,ifn:Genus181,ifn:Species293,ifn:Species93,ifn:Genus182,ifn:Species96,ifn:Genus191,ifn:Species273,ifn:Species373,ifn:Species73,ifn:Genus192,ifn:Species54,ifn:Genus193,ifn:Species98,ifn:Genus194,ifn:Species74,ifn:Genus311,ifn:Species297,ifn:Species997,ifn:Species97,ifn:Genus321,ifn:Species65,ifn:Species82,ifn:Species282,ifn:Genus331,ifn:Species369,ifn:Genus332,ifn:Species469,ifn:Species69,ifn:Genus341,ifn:Species569,ifn:Genus351,ifn:Species291,ifn:Species91,ifn:Genus361,ifn:Species13,ifn:Genus371,ifn:Species5,ifn:Genus381,ifn:Species9,ifn:Genus391,ifn:Species275,ifn:Species975,ifn:Species75,ifn:Species88,ifn:Species294,ifn:Species94,ifn:Species87,ifn:Species84,ifn:Genus411,ifn:Species277,ifn:Species377,ifn:Species77,ifn:Genus421,ifn:Species299,ifn:Genus422,ifn:Species399,ifn:Species499,ifn:Species599,ifn:Genus431,ifn:Species81,ifn:Genus441,ifn:Species255 )) }
PREFIX ifn: <http://crossforest.eu/ifn/ontology/>
SELECT DISTINCT ?uri ?value 
             WHERE { 
             ?uri <http://schema.org/sameAs> ?value . 
             FILTER (?uri IN ( ifn:Species355,ifn:Species955,ifn:Species55,ifn:Genus442,ifn:Species66,ifn:Genus443,ifn:Species8,ifn:Genus444,ifn:Species86,ifn:Genus451,ifn:Species489,ifn:Genus461,ifn:Species279,ifn:Species79,ifn:Genus471,ifn:Species1,ifn:Genus472,ifn:Species289,ifn:Genus481,ifn:Species3,ifn:Genus482,ifn:Species389,ifn:Species4,ifn:Genus491,ifn:Species2,ifn:Genus492,ifn:Species15,ifn:Species215,ifn:Species315,ifn:Species415,ifn:Species515,ifn:Genus493,ifn:Species12,ifn:Genus494,ifn:Species295,ifn:Species395,ifn:Species495,ifn:Species595,ifn:Species95,ifn:Genus495,ifn:Species16,ifn:Genus496,ifn:Species278,ifn:Species378,ifn:Species478,ifn:Species578,ifn:Species678,ifn:Species778,ifn:Species78,ifn:Genus501,ifn:Species85,ifn:Genus511,ifn:Species11,ifn:Genus521,ifn:Species253,ifn:Species53,ifn:Family11,ifn:Family12,ifn:Family13,ifn:Family14,ifn:Family15,ifn:Family16,ifn:Family17,ifn:Family18,ifn:Family19,ifn:Family31,ifn:Family32,ifn:Family33,ifn:Family34,ifn:Family35,ifn:Family36,ifn:Family37,ifn:Family38,ifn:Family39,ifn:Family41,ifn:Family42,ifn:Family43,ifn:Family44,ifn:Family45,ifn:Family46,ifn:Family47,ifn:Family48,ifn:Family49,ifn:Family50,ifn:Family51,ifn:Family52,ifn:Species50,ifn:Species59,ifn:Species70,ifn:Species90,ifn:Species99 )) }
Info de especies cargada
PREFIX geo: <http://www.w3.org/2003/01/geo/wgs84_pos#>
PREFIX sta: <http://timber.gsic.uva.es/sta/ontology/>
CONSTRUCT { 
                 ?tree geo:lat ?lat ;  
                       geo:long ?long .  
                 }  
             WHERE { 
                 ?tree a sta:Tree . 
                 ?tree sta:hasPrimaryPosition ?ann. 
                 ?ann geo:lat ?lat ; 
                      geo:long ?long . 
                      FILTER (?lat > 41.72289932945416) . 
                      FILTER (?lat < 41.80305444575587) . 
                      FILTER (?long > -5.247859954833985) . 
                      FILTER (?long < -4.9707984924316415) . 
             } 
             LIMIT 1000 
             OFFSET 0
PREFIX dc: <http://purl.org/dc/elements/1.1/>
PREFIX tree: <http://timber.gsic.uva.es/sta/data/tree/>
CONSTRUCT { 
                 ?iri dc:creator ?value . 
             }  
             WHERE { 
                 ?iri dc:creator ?value . 
                 FILTER (  ?iri IN ( tree:47-0036-A-1-1, tree:47-0036-A-1-2, tree:47-0036-A-1-3, tree:47-0036-A-1-4, tree:47-0036-A-1-5, tree:47-0037-A-1-1, tree:47-0037-A-1-2, tree:47-0037-A-1-3, tree:47-0037-A-1-4, tree:47-0038-A-1-1, tree:47-0038-A-1-2, tree:47-0041-A-1-1, tree:47-0041-A-1-2, tree:47-0041-A-1-3, tree:47-0041-A-1-4, tree:47-0041-A-1-5, tree:47-0043-A-1-1, tree:47-0043-A-1-10, tree:47-0043-A-1-11, tree:47-0043-A-1-13, tree:47-0043-A-1-14, tree:47-0043-A-1-15, tree:47-0043-A-1-16, tree:47-0043-A-1-17, tree:47-0043-A-1-3, tree:47-0043-A-1-4, tree:47-0043-A-1-5, tree:47-0043-A-1-6, tree:47-0043-A-1-8, tree:47-0043-A-1-9, tree:47-0045-A-1-1, tree:47-0045-A-1-2, tree:47-0045-A-1-3, tree:47-0045-A-1-4, tree:47-0047-A-1-1, tree:47-0048-A-1-1, tree:47-0049-A-1-1, tree:47-0049-A-1-2, tree:47-0051-A-1-1, tree:47-0051-A-1-2, tree:47-0051-A-1-3, tree:47-0053-A-1-1, tree:47-0053-A-1-10, tree:47-0053-A-1-11, tree:47-0053-A-1-2, tree:47-0053-A-1-3, tree:47-0053-A-1-4, tree:47-0053-A-1-5, tree:47-0053-A-1-6, tree:47-0053-A-1-7, tree:47-0053-A-1-8, tree:47-0053-A-1-9, tree:47-0054-A-1-1, tree:47-0054-A-1-2, tree:47-0055-A-1-1, tree:47-0055-A-1-2, tree:47-0055-A-1-3, tree:47-0055-A-1-4, tree:47-0055-A-1-5, tree:47-0055-A-1-6, tree:47-0055-A-1-7, tree:47-0056-A-4C-1, tree:47-0057-A-1-1, tree:47-0058-A-1-1, tree:47-0058-A-1-2, tree:47-0058-A-1-3, tree:47-0058-A-1-4, tree:47-0058-A-1-5, tree:47-0064-A-1-1, tree:47-0065-A-1-1, tree:47-0065-A-1-2, tree:47-0065-A-1-3, tree:47-0066-A-1-1, tree:47-0066-A-1-2, tree:47-0066-A-1-3, tree:47-0066-A-1-4, tree:47-0066-A-1-5, tree:47-0067-A-1-1, tree:47-0067-A-1-2, tree:47-0067-A-1-3, tree:47-0067-A-1-4, tree:47-0067-A-1-5, tree:47-0067-A-1-6, tree:47-0067-A-1-7, tree:47-0067-A-1-8, tree:47-0067-A-1-9, tree:47-0072-A-1-1, tree:47-0072-A-1-2, tree:47-0073-A-1-1, tree:47-0073-A-1-10, tree:47-0073-A-1-11, tree:47-0073-A-1-12, tree:47-0073-A-1-13, tree:47-0073-A-1-2, tree:47-0073-A-1-3, tree:47-0073-A-1-4, tree:47-0073-A-1-5, tree:47-0073-A-1-6, tree:47-0073-A-1-7, tree:47-0073-A-1-8, tree:47-0073-A-1-9, tree:47-0074-A-1-1, tree:47-0074-A-1-2, tree:47-0074-A-1-3, tree:47-0074-A-1-4, tree:47-0074-A-1-5, tree:47-0074-A-1-6, tree:47-0074-A-1-7, tree:47-0075-A-1-1, tree:47-0075-A-1-2, tree:47-0079-A-1-1, tree:47-0079-A-1-2, tree:47-0079-A-1-3, tree:47-0079-A-1-4, tree:47-0080-A-1-1, tree:47-0080-A-1-10, tree:47-0080-A-1-11, tree:47-0080-A-1-12, tree:47-0080-A-1-13, tree:47-0080-A-1-14, tree:47-0080-A-1-15, tree:47-0080-A-1-16, tree:47-0080-A-1-2, tree:47-0080-A-1-3, tree:47-0080-A-1-4, tree:47-0080-A-1-5, tree:47-0080-A-1-6, tree:47-0080-A-1-7, tree:47-0080-A-1-8, tree:47-0080-A-1-9, tree:47-0082-A-1-1, tree:47-0082-A-1-2, tree:47-0082-A-1-3, tree:47-0082-A-1-4, tree:47-0083-A-1-1, tree:47-0083-A-1-2, tree:47-0083-A-1-3, tree:47-0083-A-1-4, tree:47-0083-A-1-5, tree:47-0084-A-1-1, tree:47-0084-A-1-10, tree:47-0084-A-1-2, tree:47-0084-A-1-3, tree:47-0084-A-1-6, tree:47-0084-A-1-7, tree:47-0084-A-1-8, tree:47-0084-A-1-9, tree:47-0085-A-1-1, tree:47-0092-A-1-1, tree:47-0092-A-1-2, tree:47-0092-A-1-3, tree:47-0092-A-1-4, tree:47-0093-A-1-1, tree:47-0093-A-1-2 )). 
             }
PREFIX sta: <http://timber.gsic.uva.es/sta/ontology/>
PREFIX tree: <http://timber.gsic.uva.es/sta/data/tree/>
CONSTRUCT { 
                 ?iri sta:hasTaxon ?value . 
             } 
             WHERE { 
                 ?iri sta:hasPrimarySpecies/sta:hasTaxon ?value . 
                 FILTER ( ?iri IN ( tree:47-0036-A-1-1, tree:47-0036-A-1-2, tree:47-0036-A-1-3, tree:47-0036-A-1-4, tree:47-0036-A-1-5, tree:47-0037-A-1-1, tree:47-0037-A-1-2, tree:47-0037-A-1-3, tree:47-0037-A-1-4, tree:47-0038-A-1-1, tree:47-0038-A-1-2, tree:47-0041-A-1-1, tree:47-0041-A-1-2, tree:47-0041-A-1-3, tree:47-0041-A-1-4, tree:47-0041-A-1-5, tree:47-0043-A-1-1, tree:47-0043-A-1-10, tree:47-0043-A-1-11, tree:47-0043-A-1-13, tree:47-0043-A-1-14, tree:47-0043-A-1-15, tree:47-0043-A-1-16, tree:47-0043-A-1-17, tree:47-0043-A-1-3, tree:47-0043-A-1-4, tree:47-0043-A-1-5, tree:47-0043-A-1-6, tree:47-0043-A-1-8, tree:47-0043-A-1-9, tree:47-0045-A-1-1, tree:47-0045-A-1-2, tree:47-0045-A-1-3, tree:47-0045-A-1-4, tree:47-0047-A-1-1, tree:47-0048-A-1-1, tree:47-0049-A-1-1, tree:47-0049-A-1-2, tree:47-0051-A-1-1, tree:47-0051-A-1-2, tree:47-0051-A-1-3, tree:47-0053-A-1-1, tree:47-0053-A-1-10, tree:47-0053-A-1-11, tree:47-0053-A-1-2, tree:47-0053-A-1-3, tree:47-0053-A-1-4, tree:47-0053-A-1-5, tree:47-0053-A-1-6, tree:47-0053-A-1-7, tree:47-0053-A-1-8, tree:47-0053-A-1-9, tree:47-0054-A-1-1, tree:47-0054-A-1-2, tree:47-0055-A-1-1, tree:47-0055-A-1-2, tree:47-0055-A-1-3, tree:47-0055-A-1-4, tree:47-0055-A-1-5, tree:47-0055-A-1-6, tree:47-0055-A-1-7, tree:47-0056-A-4C-1, tree:47-0057-A-1-1, tree:47-0058-A-1-1, tree:47-0058-A-1-2, tree:47-0058-A-1-3, tree:47-0058-A-1-4, tree:47-0058-A-1-5, tree:47-0064-A-1-1, tree:47-0065-A-1-1, tree:47-0065-A-1-2, tree:47-0065-A-1-3, tree:47-0066-A-1-1, tree:47-0066-A-1-2, tree:47-0066-A-1-3, tree:47-0066-A-1-4, tree:47-0066-A-1-5, tree:47-0067-A-1-1, tree:47-0067-A-1-2, tree:47-0067-A-1-3, tree:47-0067-A-1-4, tree:47-0067-A-1-5, tree:47-0067-A-1-6, tree:47-0067-A-1-7, tree:47-0067-A-1-8, tree:47-0067-A-1-9, tree:47-0072-A-1-1, tree:47-0072-A-1-2, tree:47-0073-A-1-1, tree:47-0073-A-1-10, tree:47-0073-A-1-11, tree:47-0073-A-1-12, tree:47-0073-A-1-13, tree:47-0073-A-1-2, tree:47-0073-A-1-3, tree:47-0073-A-1-4, tree:47-0073-A-1-5, tree:47-0073-A-1-6, tree:47-0073-A-1-7, tree:47-0073-A-1-8, tree:47-0073-A-1-9, tree:47-0074-A-1-1, tree:47-0074-A-1-2, tree:47-0074-A-1-3, tree:47-0074-A-1-4, tree:47-0074-A-1-5, tree:47-0074-A-1-6, tree:47-0074-A-1-7, tree:47-0075-A-1-1, tree:47-0075-A-1-2, tree:47-0079-A-1-1, tree:47-0079-A-1-2, tree:47-0079-A-1-3, tree:47-0079-A-1-4, tree:47-0080-A-1-1, tree:47-0080-A-1-10, tree:47-0080-A-1-11, tree:47-0080-A-1-12, tree:47-0080-A-1-13, tree:47-0080-A-1-14, tree:47-0080-A-1-15, tree:47-0080-A-1-16, tree:47-0080-A-1-2, tree:47-0080-A-1-3, tree:47-0080-A-1-4, tree:47-0080-A-1-5, tree:47-0080-A-1-6, tree:47-0080-A-1-7, tree:47-0080-A-1-8, tree:47-0080-A-1-9, tree:47-0082-A-1-1, tree:47-0082-A-1-2, tree:47-0082-A-1-3, tree:47-0082-A-1-4, tree:47-0083-A-1-1, tree:47-0083-A-1-2, tree:47-0083-A-1-3, tree:47-0083-A-1-4, tree:47-0083-A-1-5, tree:47-0084-A-1-1, tree:47-0084-A-1-10, tree:47-0084-A-1-2, tree:47-0084-A-1-3, tree:47-0084-A-1-6, tree:47-0084-A-1-7, tree:47-0084-A-1-8, tree:47-0084-A-1-9, tree:47-0085-A-1-1, tree:47-0092-A-1-1, tree:47-0092-A-1-2, tree:47-0092-A-1-3, tree:47-0092-A-1-4, tree:47-0093-A-1-1, tree:47-0093-A-1-2 )). 
             }
Info de especies cacheada
PREFIX geo: <http://www.w3.org/2003/01/geo/wgs84_pos#>
PREFIX sta: <http://timber.gsic.uva.es/sta/ontology/>
CONSTRUCT { 
                 ?tree geo:lat ?lat ;  
                       geo:long ?long .  
                 }  
             WHERE { 
                 ?tree a sta:Tree . 
                 ?tree sta:hasPrimaryPosition ?ann. 
                 ?ann geo:lat ?lat ; 
                      geo:long ?long . 
                      FILTER (?lat > 41.729561395043916) . 
                      FILTER (?lat < 41.7965279832351) . 
                      FILTER (?long > -5.220394134521485) . 
                      FILTER (?long < -4.9980926513671875) . 
             } 
             LIMIT 1000 
             OFFSET 0
PREFIX geo: <http://www.w3.org/2003/01/geo/wgs84_pos#>
PREFIX sta: <http://timber.gsic.uva.es/sta/ontology/>
CONSTRUCT { 
                 ?tree geo:lat ?lat ;  
                       geo:long ?long .  
                 }  
             WHERE { 
                 ?tree a sta:Tree . 
                 ?tree sta:hasPrimaryPosition ?ann. 
                 ?ann geo:lat ?lat ; 
                      geo:long ?long . 
                      FILTER (?lat > 41.75735525044807) . 
                      FILTER (?lat < 41.8242928385401) . 
                      FILTER (?long > -5.20305633544922) . 
                      FILTER (?long < -4.980754852294923) . 
             } 
             LIMIT 1000 
             OFFSET 0
PREFIX geo: <http://www.w3.org/2003/01/geo/wgs84_pos#>
PREFIX sta: <http://timber.gsic.uva.es/sta/ontology/>
CONSTRUCT { 
                 ?tree geo:lat ?lat ;  
                       geo:long ?long .  
                 }  
             WHERE { 
                 ?tree a sta:Tree . 
                 ?tree sta:hasPrimaryPosition ?ann. 
                 ?ann geo:lat ?lat ; 
                      geo:long ?long . 
                      FILTER (?lat > 41.74826620878188) . 
                      FILTER (?lat < 41.81521328210774) . 
                      FILTER (?long > -5.113792419433595) . 
                      FILTER (?long < -4.891490936279298) . 
             } 
             LIMIT 1000 
             OFFSET 0
PREFIX dc: <http://purl.org/dc/elements/1.1/>
PREFIX tree: <http://timber.gsic.uva.es/sta/data/tree/>
CONSTRUCT { 
                 ?iri dc:creator ?value . 
             }  
             WHERE { 
                 ?iri dc:creator ?value . 
                 FILTER (  ?iri IN ( tree:47-0030-A-1-1, tree:47-0030-A-1-2, tree:47-0076-A-1-1, tree:47-0076-A-1-2, tree:47-0076-A-1-3, tree:47-0076-A-1-4, tree:47-0076-A-1-5, tree:47-0078-A-1-1, tree:47-0078-A-1-2, tree:47-0078-A-1-3, tree:47-2040-N-N-1, tree:47-2040-N-N-10, tree:47-2040-N-N-11, tree:47-2040-N-N-12, tree:47-2040-N-N-13, tree:47-2040-N-N-2, tree:47-2040-N-N-3, tree:47-2040-N-N-4, tree:47-2040-N-N-5, tree:47-2040-N-N-6, tree:47-2040-N-N-7, tree:47-2040-N-N-8, tree:47-2040-N-N-9, tree:47-2043-N-N-1, tree:47-2043-N-N-10, tree:47-2043-N-N-11, tree:47-2043-N-N-12, tree:47-2043-N-N-2, tree:47-2043-N-N-3, tree:47-2043-N-N-4, tree:47-2043-N-N-5, tree:47-2043-N-N-6, tree:47-2043-N-N-7, tree:47-2043-N-N-8, tree:47-2043-N-N-9 )). 
             }
PREFIX sta: <http://timber.gsic.uva.es/sta/ontology/>
PREFIX tree: <http://timber.gsic.uva.es/sta/data/tree/>
CONSTRUCT { 
                 ?iri sta:hasTaxon ?value . 
             } 
             WHERE { 
                 ?iri sta:hasPrimarySpecies/sta:hasTaxon ?value . 
                 FILTER ( ?iri IN ( tree:47-0030-A-1-1, tree:47-0030-A-1-2, tree:47-0076-A-1-1, tree:47-0076-A-1-2, tree:47-0076-A-1-3, tree:47-0076-A-1-4, tree:47-0076-A-1-5, tree:47-0078-A-1-1, tree:47-0078-A-1-2, tree:47-0078-A-1-3, tree:47-2040-N-N-1, tree:47-2040-N-N-10, tree:47-2040-N-N-11, tree:47-2040-N-N-12, tree:47-2040-N-N-13, tree:47-2040-N-N-2, tree:47-2040-N-N-3, tree:47-2040-N-N-4, tree:47-2040-N-N-5, tree:47-2040-N-N-6, tree:47-2040-N-N-7, tree:47-2040-N-N-8, tree:47-2040-N-N-9, tree:47-2043-N-N-1, tree:47-2043-N-N-10, tree:47-2043-N-N-11, tree:47-2043-N-N-12, tree:47-2043-N-N-2, tree:47-2043-N-N-3, tree:47-2043-N-N-4, tree:47-2043-N-N-5, tree:47-2043-N-N-6, tree:47-2043-N-N-7, tree:47-2043-N-N-8, tree:47-2043-N-N-9 )). 
             }
PREFIX geo: <http://www.w3.org/2003/01/geo/wgs84_pos#>
PREFIX sta: <http://timber.gsic.uva.es/sta/ontology/>
CONSTRUCT { 
                 ?tree geo:lat ?lat ;  
                       geo:long ?long .  
                 }  
             WHERE { 
                 ?tree a sta:Tree . 
                 ?tree sta:hasPrimaryPosition ?ann. 
                 ?ann geo:lat ?lat ; 
                      geo:long ?long . 
                      FILTER (?lat > 41.71305002851846) . 
                      FILTER (?lat < 41.78003383721448) . 
                      FILTER (?long > -5.126495361328126) . 
                      FILTER (?long < -4.904193878173829) . 
             } 
             LIMIT 1000 
             OFFSET 0
PREFIX dc: <http://purl.org/dc/elements/1.1/>
PREFIX tree: <http://timber.gsic.uva.es/sta/data/tree/>
CONSTRUCT { 
                 ?iri dc:creator ?value . 
             }  
             WHERE { 
                 ?iri dc:creator ?value . 
                 FILTER (  ?iri IN ( tree:47-0088-A-1-1, tree:47-0088-A-1-10, tree:47-0088-A-1-11, tree:47-0088-A-1-12, tree:47-0088-A-1-13, tree:47-0088-A-1-2, tree:47-0088-A-1-3, tree:47-0088-A-1-4, tree:47-0088-A-1-5, tree:47-0088-A-1-6, tree:47-0088-A-1-7, tree:47-0088-A-1-8, tree:47-0088-A-1-9, tree:47-0098-A-1-1, tree:47-0098-A-1-2, tree:47-0098-A-1-3, tree:47-0098-A-1-4, tree:47-0098-A-1-5, tree:47-0099-A-1-1, tree:47-0099-A-1-10, tree:47-0099-A-1-11, tree:47-0099-A-1-12, tree:47-0099-A-1-13, tree:47-0099-A-1-14, tree:47-0099-A-1-2, tree:47-0099-A-1-3, tree:47-0099-A-1-4, tree:47-0099-A-1-5, tree:47-0099-A-1-6, tree:47-0099-A-1-7, tree:47-0099-A-1-8, tree:47-0099-A-1-9, tree:47-0090-A-1-1, tree:47-0090-A-1-2, tree:47-0090-A-1-3, tree:47-0090-A-1-4, tree:47-0090-A-1-5, tree:47-0090-A-1-6, tree:47-0090-A-1-7, tree:47-0090-A-1-8 )). 
             }
PREFIX sta: <http://timber.gsic.uva.es/sta/ontology/>
PREFIX tree: <http://timber.gsic.uva.es/sta/data/tree/>
CONSTRUCT { 
                 ?iri sta:hasTaxon ?value . 
             } 
             WHERE { 
                 ?iri sta:hasPrimarySpecies/sta:hasTaxon ?value . 
                 FILTER ( ?iri IN ( tree:47-0088-A-1-1, tree:47-0088-A-1-10, tree:47-0088-A-1-11, tree:47-0088-A-1-12, tree:47-0088-A-1-13, tree:47-0088-A-1-2, tree:47-0088-A-1-3, tree:47-0088-A-1-4, tree:47-0088-A-1-5, tree:47-0088-A-1-6, tree:47-0088-A-1-7, tree:47-0088-A-1-8, tree:47-0088-A-1-9, tree:47-0098-A-1-1, tree:47-0098-A-1-2, tree:47-0098-A-1-3, tree:47-0098-A-1-4, tree:47-0098-A-1-5, tree:47-0099-A-1-1, tree:47-0099-A-1-10, tree:47-0099-A-1-11, tree:47-0099-A-1-12, tree:47-0099-A-1-13, tree:47-0099-A-1-14, tree:47-0099-A-1-2, tree:47-0099-A-1-3, tree:47-0099-A-1-4, tree:47-0099-A-1-5, tree:47-0099-A-1-6, tree:47-0099-A-1-7, tree:47-0099-A-1-8, tree:47-0099-A-1-9, tree:47-0090-A-1-1, tree:47-0090-A-1-2, tree:47-0090-A-1-3, tree:47-0090-A-1-4, tree:47-0090-A-1-5, tree:47-0090-A-1-6, tree:47-0090-A-1-7, tree:47-0090-A-1-8 )). 
             }
PREFIX geo: <http://www.w3.org/2003/01/geo/wgs84_pos#>
PREFIX sta: <http://timber.gsic.uva.es/sta/ontology/>
CONSTRUCT { 
                 ?tree geo:lat ?lat ;  
                       geo:long ?long .  
                 }  
             WHERE { 
                 ?tree a sta:Tree . 
                 ?tree sta:hasPrimaryPosition ?ann. 
                 ?ann geo:lat ?lat ; 
                      geo:long ?long . 
                      FILTER (?lat > 41.685247633995424) . 
                      FILTER (?lat < 41.752260426606405) . 
                      FILTER (?long > -5.125122070312501) . 
                      FILTER (?long < -4.902820587158204) . 
             } 
             LIMIT 1000 
             OFFSET 0
PREFIX geo: <http://www.w3.org/2003/01/geo/wgs84_pos#>
PREFIX sta: <http://timber.gsic.uva.es/sta/ontology/>
CONSTRUCT { 
                 ?tree geo:lat ?lat ;  
                       geo:long ?long .  
                 }  
             WHERE { 
                 ?tree a sta:Tree . 
                 ?tree sta:hasPrimaryPosition ?ann. 
                 ?ann geo:lat ?lat ; 
                      geo:long ?long . 
                      FILTER (?lat > 41.698317537695914) . 
                      FILTER (?lat < 41.765316706932346) . 
                      FILTER (?long > -5.214557647705079) . 
                      FILTER (?long < -4.992256164550782) . 
             } 
             LIMIT 1000 
             OFFSET 0
PREFIX dc: <http://purl.org/dc/elements/1.1/>
PREFIX tree: <http://timber.gsic.uva.es/sta/data/tree/>
CONSTRUCT { 
                 ?iri dc:creator ?value . 
             }  
             WHERE { 
                 ?iri dc:creator ?value . 
                 FILTER (  ?iri IN ( tree:47-0097-A-1-1, tree:47-0097-A-1-10, tree:47-0097-A-1-11, tree:47-0097-A-1-12, tree:47-0097-A-1-13, tree:47-0097-A-1-14, tree:47-0097-A-1-15, tree:47-0097-A-1-16, tree:47-0097-A-1-17, tree:47-0097-A-1-18, tree:47-0097-A-1-2, tree:47-0097-A-1-3, tree:47-0097-A-1-4, tree:47-0097-A-1-5, tree:47-0097-A-1-6, tree:47-0097-A-1-7, tree:47-0097-A-1-8, tree:47-0097-A-1-9, tree:47-0101-A-1-1, tree:47-0101-A-1-10, tree:47-0101-A-1-11, tree:47-0101-A-1-12, tree:47-0101-A-1-13, tree:47-0101-A-1-14, tree:47-0101-A-1-15, tree:47-0101-A-1-16, tree:47-0101-A-1-17, tree:47-0101-A-1-18, tree:47-0101-A-1-19, tree:47-0101-A-1-2, tree:47-0101-A-1-20, tree:47-0101-A-1-21, tree:47-0101-A-1-22, tree:47-0101-A-1-23, tree:47-0101-A-1-24, tree:47-0101-A-1-25, tree:47-0101-A-1-26, tree:47-0101-A-1-27, tree:47-0101-A-1-28, tree:47-0101-A-1-29, tree:47-0101-A-1-3, tree:47-0101-A-1-30, tree:47-0101-A-1-31, tree:47-0101-A-1-32, tree:47-0101-A-1-33, tree:47-0101-A-1-4, tree:47-0101-A-1-5, tree:47-0101-A-1-6, tree:47-0101-A-1-7, tree:47-0101-A-1-8, tree:47-0101-A-1-9, tree:47-2029-N-N-1, tree:47-2029-N-N-2, tree:47-2029-N-N-3, tree:47-2029-N-N-4, tree:47-2030-N-N-1, tree:47-2050-N-N-1, tree:47-2050-N-N-2, tree:47-2050-N-N-3, tree:47-2050-N-N-4, tree:47-2050-N-N-5 )). 
             }
PREFIX sta: <http://timber.gsic.uva.es/sta/ontology/>
PREFIX tree: <http://timber.gsic.uva.es/sta/data/tree/>
CONSTRUCT { 
                 ?iri sta:hasTaxon ?value . 
             } 
             WHERE { 
                 ?iri sta:hasPrimarySpecies/sta:hasTaxon ?value . 
                 FILTER ( ?iri IN ( tree:47-0097-A-1-1, tree:47-0097-A-1-10, tree:47-0097-A-1-11, tree:47-0097-A-1-12, tree:47-0097-A-1-13, tree:47-0097-A-1-14, tree:47-0097-A-1-15, tree:47-0097-A-1-16, tree:47-0097-A-1-17, tree:47-0097-A-1-18, tree:47-0097-A-1-2, tree:47-0097-A-1-3, tree:47-0097-A-1-4, tree:47-0097-A-1-5, tree:47-0097-A-1-6, tree:47-0097-A-1-7, tree:47-0097-A-1-8, tree:47-0097-A-1-9, tree:47-0101-A-1-1, tree:47-0101-A-1-10, tree:47-0101-A-1-11, tree:47-0101-A-1-12, tree:47-0101-A-1-13, tree:47-0101-A-1-14, tree:47-0101-A-1-15, tree:47-0101-A-1-16, tree:47-0101-A-1-17, tree:47-0101-A-1-18, tree:47-0101-A-1-19, tree:47-0101-A-1-2, tree:47-0101-A-1-20, tree:47-0101-A-1-21, tree:47-0101-A-1-22, tree:47-0101-A-1-23, tree:47-0101-A-1-24, tree:47-0101-A-1-25, tree:47-0101-A-1-26, tree:47-0101-A-1-27, tree:47-0101-A-1-28, tree:47-0101-A-1-29, tree:47-0101-A-1-3, tree:47-0101-A-1-30, tree:47-0101-A-1-31, tree:47-0101-A-1-32, tree:47-0101-A-1-33, tree:47-0101-A-1-4, tree:47-0101-A-1-5, tree:47-0101-A-1-6, tree:47-0101-A-1-7, tree:47-0101-A-1-8, tree:47-0101-A-1-9, tree:47-2029-N-N-1, tree:47-2029-N-N-2, tree:47-2029-N-N-3, tree:47-2029-N-N-4, tree:47-2030-N-N-1, tree:47-2050-N-N-1, tree:47-2050-N-N-2, tree:47-2050-N-N-3, tree:47-2050-N-N-4, tree:47-2050-N-N-5 )). 
             }
PREFIX geo: <http://www.w3.org/2003/01/geo/wgs84_pos#>
PREFIX sta: <http://timber.gsic.uva.es/sta/ontology/>
CONSTRUCT { 
                 ?tree geo:lat ?lat ;  
                       geo:long ?long .  
                 }  
             WHERE { 
                 ?tree a sta:Tree . 
                 ?tree sta:hasPrimaryPosition ?ann. 
                 ?ann geo:lat ?lat ; 
                      geo:long ?long . 
                      FILTER (?lat > 41.70367796221136) . 
                      FILTER (?lat < 41.77067154301893) . 
                      FILTER (?long > -5.214557647705079) . 
                      FILTER (?long < -4.992256164550782) . 
             } 
             LIMIT 1000 
             OFFSET 0
PREFIX geo: <http://www.w3.org/2003/01/geo/wgs84_pos#>
PREFIX sta: <http://timber.gsic.uva.es/sta/ontology/>
CONSTRUCT { 
                 ?tree geo:lat ?lat ;  
                       geo:long ?long .  
                 }  
             WHERE { 
                 ?tree a sta:Tree . 
                 ?tree sta:hasPrimaryPosition ?ann. 
                 ?ann geo:lat ?lat ; 
                      geo:long ?long . 
                      FILTER (?lat > 41.727630557705545) . 
                      FILTER (?lat < 41.79459915994733) . 
                      FILTER (?long > -5.208721160888673) . 
                      FILTER (?long < -4.986419677734376) . 
             } 
             LIMIT 1000 
             OFFSET 0
PREFIX geo: <http://www.w3.org/2003/01/geo/wgs84_pos#>
PREFIX sta: <http://timber.gsic.uva.es/sta/ontology/>
CONSTRUCT { 
                 ?tree geo:lat ?lat ;  
                       geo:long ?long .  
                 }  
             WHERE { 
                 ?tree a sta:Tree . 
                 ?tree sta:hasPrimaryPosition ?ann. 
                 ?ann geo:lat ?lat ; 
                      geo:long ?long . 
                      FILTER (?lat > 41.75349445457202) . 
                      FILTER (?lat < 41.82043607195787) . 
                      FILTER (?long > -5.16460418701172) . 
                      FILTER (?long < -4.942302703857423) . 
             } 
             LIMIT 1000 
             OFFSET 0
PREFIX geo: <http://www.w3.org/2003/01/geo/wgs84_pos#>
PREFIX sta: <http://timber.gsic.uva.es/sta/ontology/>
CONSTRUCT { 
                 ?tree geo:lat ?lat ;  
                       geo:long ?long .  
                 }  
             WHERE { 
                 ?tree a sta:Tree . 
                 ?tree sta:hasPrimaryPosition ?ann. 
                 ?ann geo:lat ?lat ; 
                      geo:long ?long . 
                      FILTER (?lat > 41.73185655967133) . 
                      FILTER (?lat < 41.798820753684424) . 
                      FILTER (?long > -5.198421478271485) . 
                      FILTER (?long < -4.976119995117188) . 
             } 
             LIMIT 1000 
             OFFSET 0
Info de especies cacheada
PREFIX geo: <http://www.w3.org/2003/01/geo/wgs84_pos#>
PREFIX sta: <http://timber.gsic.uva.es/sta/ontology/>
CONSTRUCT { 
                 ?tree geo:lat ?lat ;  
                       geo:long ?long .  
                 }  
             WHERE { 
                 ?tree a sta:Tree . 
                 ?tree sta:hasPrimaryPosition ?ann. 
                 ?ann geo:lat ?lat ; 
                      geo:long ?long . 
                      FILTER (?lat > 41.72289932945416) . 
                      FILTER (?lat < 41.80305444575587) . 
                      FILTER (?long > -5.247859954833985) . 
                      FILTER (?long < -4.9707984924316415) . 
             } 
             LIMIT 1000 
             OFFSET 0
Info de especies cacheada
PREFIX geo: <http://www.w3.org/2003/01/geo/wgs84_pos#>
PREFIX sta: <http://timber.gsic.uva.es/sta/ontology/>
CONSTRUCT { 
                 ?tree geo:lat ?lat ;  
                       geo:long ?long .  
                 }  
             WHERE { 
                 ?tree a sta:Tree . 
                 ?tree sta:hasPrimaryPosition ?ann. 
                 ?ann geo:lat ?lat ; 
                      geo:long ?long . 
                      FILTER (?lat > 41.72289932945416) . 
                      FILTER (?lat < 41.80305444575587) . 
                      FILTER (?long > -5.247859954833985) . 
                      FILTER (?long < -4.9707984924316415) . 
             } 
             LIMIT 1000 
             OFFSET 0
